<?xml version="1.0" encoding="UTF-8"?>
<!-- Generated by org.testng.reporters.JUnitReportReporter -->
<testsuite hostname="DESKTOP-JDQLD7V" failures="0" tests="1" name="TestClass.searchresultsofLR" time="37.507" errors="0" timestamp="2025-01-29T12:20:10 IST" skipped="0">
  <testcase classname="TestClass.searchresultsofLR" name="LRsearchResult" time="37.507"/>
</testsuite> <!-- TestClass.searchresultsofLR -->
