<?xml version="1.0" encoding="UTF-8"?>
<!-- Generated by org.testng.reporters.JUnitReportReporter -->
<testsuite hostname="DESKTOP-JDQLD7V" failures="0" tests="1" name="TestClass.LoginPage" time="16.488" errors="0" timestamp="2025-01-29T12:18:33 IST" skipped="0">
  <testcase classname="TestClass.LoginPage" name="VerifyLoginPageOFLR" time="16.488"/>
</testsuite> <!-- TestClass.LoginPage -->
