<?xml version="1.0" encoding="UTF-8"?>
<!-- Generated by org.testng.reporters.JUnitReportReporter -->
<testsuite hostname="DESKTOP-JDQLD7V" failures="0" tests="1" name="TestClass.LIBIL_LoginTest" time="10.490" errors="0" timestamp="2025-01-27T18:52:37 IST" skipped="0">
  <testcase classname="TestClass.LIBIL_LoginTest" name="VerifyLoginPageOFLibil" time="10.490">
    <system-out>
      <![CDATA[VerifyLoginPageOFLibilscript execution startsMon Jan 27 18:48:59 IST 2025
VerifyLoginPageOFLibilscript is passsed]]>
    </system-out>
  </testcase> <!-- VerifyLoginPageOFLibil -->
  <system-out>
    <![CDATA[suite execution starts:Mon Jan 27 18:48:28 IST 2025
VerifyLoginPageOFLRscript execution startsMon Jan 27 18:48:30 IST 2025
VerifyLoginPageOFLRscript is passsed
verifyHomePageofLRscript execution startsMon Jan 27 18:48:55 IST 2025
verifyHomePageofLRscript is passsed
VerifyLoginPageOFLibilscript execution startsMon Jan 27 18:48:59 IST 2025
VerifyLoginPageOFLibilscript is passsed
VerifyLoginPageOF_Patrolscript execution startsMon Jan 27 18:49:11 IST 2025
VerifyLoginPageOF_Patrolscript is passsed
LRsearchResultscript execution startsMon Jan 27 18:49:19 IST 2025
LRsearchResultscript is passsed
NewActListscript execution startsMon Jan 27 18:49:56 IST 2025
NewActListscript is passsed
LR_EditProfilescript execution startsMon Jan 27 18:50:27 IST 2025
LR_EditProfilescript is passsed
LR_Changepasswordscript execution startsMon Jan 27 18:51:14 IST 2025
LR_Changepasswordscript is failed
screenshot has taken
LoginHomePageOfPatrolscript execution startsMon Jan 27 18:52:11 IST 2025
LoginHomePageOfPatrolscript is passsed
verifyLegiteyeWebsitescript execution startsMon Jan 27 18:52:28 IST 2025
verifyLegiteyeWebsitescript is passsed
verifyLRwebsitescript execution startsMon Jan 27 18:52:29 IST 2025
verifyLRwebsitescript is passsed
verifyLibilWebscript execution startsMon Jan 27 18:52:34 IST 2025
verifyLibilWebscript is passsed
verifyPatrolWebsitescript execution startsMon Jan 27 18:52:36 IST 2025
verifyPatrolWebsitescript is passsed]]>
  </system-out>
</testsuite> <!-- TestClass.LIBIL_LoginTest -->
